Analysis & Synthesis report for Up-Down-Counter
Fri Nov 15 13:16:04 2013
Quartus II 64-Bit Version 13.0.1 Build 232 06/12/2013 Service Pack 1 SJ Web Edition


---------------------
; Table of Contents ;
---------------------
  1. Legal Notice
  2. Analysis & Synthesis Summary
  3. Analysis & Synthesis Settings
  4. Parallel Compilation
  5. Analysis & Synthesis Source Files Read
  6. Analysis & Synthesis Resource Usage Summary
  7. Analysis & Synthesis Resource Utilization by Entity
  8. General Register Statistics
  9. Parameter Settings for Inferred Entity Instance: Double_SevenSeg:inst12|lpm_divide:Mod0
 10. Elapsed Time Per Partition
 11. Analysis & Synthesis Messages
 12. Analysis & Synthesis Suppressed Messages



----------------
; Legal Notice ;
----------------
Copyright (C) 1991-2013 Altera Corporation
Your use of Altera Corporation's design tools, logic functions 
and other software and tools, and its AMPP partner logic 
functions, and any output files from any of the foregoing 
(including device programming or simulation files), and any 
associated documentation or information are expressly subject 
to the terms and conditions of the Altera Program License 
Subscription Agreement, Altera MegaCore Function License 
Agreement, or other applicable license agreement, including, 
without limitation, that your use is for the sole purpose of 
programming logic devices manufactured by Altera and sold by 
Altera or its authorized distributors.  Please refer to the 
applicable agreement for further details.



+--------------------------------------------------------------------------------------+
; Analysis & Synthesis Summary                                                         ;
+------------------------------------+-------------------------------------------------+
; Analysis & Synthesis Status        ; Successful - Fri Nov 15 13:16:04 2013           ;
; Quartus II 64-Bit Version          ; 13.0.1 Build 232 06/12/2013 SP 1 SJ Web Edition ;
; Revision Name                      ; Up-Down-Counter                                 ;
; Top-level Entity Name              ; BlockNoclock                                    ;
; Family                             ; Cyclone II                                      ;
; Total logic elements               ; 38                                              ;
;     Total combinational functions  ; 38                                              ;
;     Dedicated logic registers      ; 4                                               ;
; Total registers                    ; 4                                               ;
; Total pins                         ; 18                                              ;
; Total virtual pins                 ; 0                                               ;
; Total memory bits                  ; 0                                               ;
; Embedded Multiplier 9-bit elements ; 0                                               ;
; Total PLLs                         ; 0                                               ;
+------------------------------------+-------------------------------------------------+


+----------------------------------------------------------------------------------------------------------------------+
; Analysis & Synthesis Settings                                                                                        ;
+----------------------------------------------------------------------------+--------------------+--------------------+
; Option                                                                     ; Setting            ; Default Value      ;
+----------------------------------------------------------------------------+--------------------+--------------------+
; Device                                                                     ; EP2C20F484C7       ;                    ;
; Top-level entity name                                                      ; BlockNoclock       ; Up-Down-Counter    ;
; Family name                                                                ; Cyclone II         ; Cyclone IV GX      ;
; Use smart compilation                                                      ; Off                ; Off                ;
; Enable parallel Assembler and TimeQuest Timing Analyzer during compilation ; On                 ; On                 ;
; Enable compact report table                                                ; Off                ; Off                ;
; Restructure Multiplexers                                                   ; Auto               ; Auto               ;
; Create Debugging Nodes for IP Cores                                        ; Off                ; Off                ;
; Preserve fewer node names                                                  ; On                 ; On                 ;
; Disable OpenCore Plus hardware evaluation                                  ; Off                ; Off                ;
; Verilog Version                                                            ; Verilog_2001       ; Verilog_2001       ;
; VHDL Version                                                               ; VHDL_1993          ; VHDL_1993          ;
; State Machine Processing                                                   ; Auto               ; Auto               ;
; Safe State Machine                                                         ; Off                ; Off                ;
; Extract Verilog State Machines                                             ; On                 ; On                 ;
; Extract VHDL State Machines                                                ; On                 ; On                 ;
; Ignore Verilog initial constructs                                          ; Off                ; Off                ;
; Iteration limit for constant Verilog loops                                 ; 5000               ; 5000               ;
; Iteration limit for non-constant Verilog loops                             ; 250                ; 250                ;
; Add Pass-Through Logic to Inferred RAMs                                    ; On                 ; On                 ;
; Infer RAMs from Raw Logic                                                  ; On                 ; On                 ;
; Parallel Synthesis                                                         ; Off                ; Off                ;
; DSP Block Balancing                                                        ; Auto               ; Auto               ;
; NOT Gate Push-Back                                                         ; On                 ; On                 ;
; Power-Up Don't Care                                                        ; On                 ; On                 ;
; Remove Redundant Logic Cells                                               ; Off                ; Off                ;
; Remove Duplicate Registers                                                 ; On                 ; On                 ;
; Ignore CARRY Buffers                                                       ; Off                ; Off                ;
; Ignore CASCADE Buffers                                                     ; Off                ; Off                ;
; Ignore GLOBAL Buffers                                                      ; Off                ; Off                ;
; Ignore ROW GLOBAL Buffers                                                  ; Off                ; Off                ;
; Ignore LCELL Buffers                                                       ; Off                ; Off                ;
; Ignore SOFT Buffers                                                        ; On                 ; On                 ;
; Limit AHDL Integers to 32 Bits                                             ; Off                ; Off                ;
; Optimization Technique                                                     ; Balanced           ; Balanced           ;
; Carry Chain Length                                                         ; 70                 ; 70                 ;
; Auto Carry Chains                                                          ; On                 ; On                 ;
; Auto Open-Drain Pins                                                       ; On                 ; On                 ;
; Perform WYSIWYG Primitive Resynthesis                                      ; Off                ; Off                ;
; Auto ROM Replacement                                                       ; On                 ; On                 ;
; Auto RAM Replacement                                                       ; On                 ; On                 ;
; Auto Shift Register Replacement                                            ; Auto               ; Auto               ;
; Allow Shift Register Merging across Hierarchies                            ; Auto               ; Auto               ;
; Auto Clock Enable Replacement                                              ; On                 ; On                 ;
; Strict RAM Replacement                                                     ; Off                ; Off                ;
; Allow Synchronous Control Signals                                          ; On                 ; On                 ;
; Force Use of Synchronous Clear Signals                                     ; Off                ; Off                ;
; Auto RAM to Logic Cell Conversion                                          ; Off                ; Off                ;
; Auto Resource Sharing                                                      ; Off                ; Off                ;
; Allow Any RAM Size For Recognition                                         ; Off                ; Off                ;
; Allow Any ROM Size For Recognition                                         ; Off                ; Off                ;
; Allow Any Shift Register Size For Recognition                              ; Off                ; Off                ;
; Use LogicLock Constraints during Resource Balancing                        ; On                 ; On                 ;
; Ignore translate_off and synthesis_off directives                          ; Off                ; Off                ;
; Timing-Driven Synthesis                                                    ; Off                ; Off                ;
; Report Parameter Settings                                                  ; On                 ; On                 ;
; Report Source Assignments                                                  ; On                 ; On                 ;
; Report Connectivity Checks                                                 ; On                 ; On                 ;
; Ignore Maximum Fan-Out Assignments                                         ; Off                ; Off                ;
; Synchronization Register Chain Length                                      ; 2                  ; 2                  ;
; PowerPlay Power Optimization                                               ; Normal compilation ; Normal compilation ;
; HDL message level                                                          ; Level2             ; Level2             ;
; Suppress Register Optimization Related Messages                            ; Off                ; Off                ;
; Number of Removed Registers Reported in Synthesis Report                   ; 5000               ; 5000               ;
; Number of Swept Nodes Reported in Synthesis Report                         ; 5000               ; 5000               ;
; Number of Inverted Registers Reported in Synthesis Report                  ; 100                ; 100                ;
; Clock MUX Protection                                                       ; On                 ; On                 ;
; Auto Gated Clock Conversion                                                ; Off                ; Off                ;
; Block Design Naming                                                        ; Auto               ; Auto               ;
; SDC constraint protection                                                  ; Off                ; Off                ;
; Synthesis Effort                                                           ; Auto               ; Auto               ;
; Shift Register Replacement - Allow Asynchronous Clear Signal               ; On                 ; On                 ;
; Pre-Mapping Resynthesis Optimization                                       ; Off                ; Off                ;
; Analysis & Synthesis Message Level                                         ; Medium             ; Medium             ;
; Disable Register Merging Across Hierarchies                                ; Auto               ; Auto               ;
; Resource Aware Inference For Block RAM                                     ; On                 ; On                 ;
; Synthesis Seed                                                             ; 1                  ; 1                  ;
+----------------------------------------------------------------------------+--------------------+--------------------+


Parallel compilation was disabled, but you have multiple processors available. Enable parallel compilation to reduce compilation time.
+-------------------------------------+
; Parallel Compilation                ;
+----------------------------+--------+
; Processors                 ; Number ;
+----------------------------+--------+
; Number detected on machine ; 4      ;
; Maximum allowed            ; 1      ;
+----------------------------+--------+


+------------------------------------------------------------------------------------------------------------------------------------------------------------------------------------------------------------------+
; Analysis & Synthesis Source Files Read                                                                                                                                                                           ;
+----------------------------------+-----------------+------------------------------------+--------------------------------------------------------------------------------------------------------------+---------+
; File Name with User-Entered Path ; Used in Netlist ; File Type                          ; File Name with Absolute Path                                                                                 ; Library ;
+----------------------------------+-----------------+------------------------------------+--------------------------------------------------------------------------------------------------------------+---------+
; Double_SevenSeg.v                ; yes             ; User Verilog HDL File              ; C:/Users/localadmin/Desktop/FPGANewVersion/FPGA-PMT/VerilogBasics/Up Down counter/Double_SevenSeg.v          ;         ;
; BlockNoclock.bdf                 ; yes             ; User Block Diagram/Schematic File  ; C:/Users/localadmin/Desktop/FPGANewVersion/FPGA-PMT/VerilogBasics/Up Down counter/BlockNoclock.bdf           ;         ;
; updown_count_noclock.v           ; yes             ; User Verilog HDL File              ; C:/Users/localadmin/Desktop/FPGANewVersion/FPGA-PMT/VerilogBasics/Up Down counter/updown_count_noclock.v     ;         ;
; lpm_divide.tdf                   ; yes             ; Megafunction                       ; c:/altera/13.0sp1/quartus/libraries/megafunctions/lpm_divide.tdf                                             ;         ;
; abs_divider.inc                  ; yes             ; Megafunction                       ; c:/altera/13.0sp1/quartus/libraries/megafunctions/abs_divider.inc                                            ;         ;
; sign_div_unsign.inc              ; yes             ; Megafunction                       ; c:/altera/13.0sp1/quartus/libraries/megafunctions/sign_div_unsign.inc                                        ;         ;
; aglobal130.inc                   ; yes             ; Megafunction                       ; c:/altera/13.0sp1/quartus/libraries/megafunctions/aglobal130.inc                                             ;         ;
; db/lpm_divide_05m.tdf            ; yes             ; Auto-Generated Megafunction        ; C:/Users/localadmin/Desktop/FPGANewVersion/FPGA-PMT/VerilogBasics/Up Down counter/db/lpm_divide_05m.tdf      ;         ;
; db/sign_div_unsign_7kh.tdf       ; yes             ; Auto-Generated Megafunction        ; C:/Users/localadmin/Desktop/FPGANewVersion/FPGA-PMT/VerilogBasics/Up Down counter/db/sign_div_unsign_7kh.tdf ;         ;
; db/alt_u_div_gve.tdf             ; yes             ; Auto-Generated Megafunction        ; C:/Users/localadmin/Desktop/FPGANewVersion/FPGA-PMT/VerilogBasics/Up Down counter/db/alt_u_div_gve.tdf       ;         ;
; db/add_sub_lkc.tdf               ; yes             ; Auto-Generated Megafunction        ; C:/Users/localadmin/Desktop/FPGANewVersion/FPGA-PMT/VerilogBasics/Up Down counter/db/add_sub_lkc.tdf         ;         ;
; db/add_sub_mkc.tdf               ; yes             ; Auto-Generated Megafunction        ; C:/Users/localadmin/Desktop/FPGANewVersion/FPGA-PMT/VerilogBasics/Up Down counter/db/add_sub_mkc.tdf         ;         ;
+----------------------------------+-----------------+------------------------------------+--------------------------------------------------------------------------------------------------------------+---------+


+----------------------------------------------------------------------------------+
; Analysis & Synthesis Resource Usage Summary                                      ;
+---------------------------------------------+------------------------------------+
; Resource                                    ; Usage                              ;
+---------------------------------------------+------------------------------------+
; Estimated Total logic elements              ; 38                                 ;
;                                             ;                                    ;
; Total combinational functions               ; 38                                 ;
; Logic element usage by number of LUT inputs ;                                    ;
;     -- 4 input functions                    ; 18                                 ;
;     -- 3 input functions                    ; 6                                  ;
;     -- <=2 input functions                  ; 14                                 ;
;                                             ;                                    ;
; Logic elements by mode                      ;                                    ;
;     -- normal mode                          ; 35                                 ;
;     -- arithmetic mode                      ; 3                                  ;
;                                             ;                                    ;
; Total registers                             ; 4                                  ;
;     -- Dedicated logic registers            ; 4                                  ;
;     -- I/O registers                        ; 0                                  ;
;                                             ;                                    ;
; I/O pins                                    ; 18                                 ;
; Embedded Multiplier 9-bit elements          ; 0                                  ;
; Maximum fan-out node                        ; updown_count_noclock:inst|nIn[0]~2 ;
; Maximum fan-out                             ; 15                                 ;
; Total fan-out                               ; 139                                ;
; Average fan-out                             ; 2.32                               ;
+---------------------------------------------+------------------------------------+


+-------------------------------------------------------------------------------------------------------------------------------------------------------------------------------------------------------------------------------------------------------------------------------------------------------------+
; Analysis & Synthesis Resource Utilization by Entity                                                                                                                                                                                                                                                         ;
+-------------------------------------------+-------------------+--------------+-------------+--------------+---------+-----------+------+--------------+--------------------------------------------------------------------------------------------------------------------------------------+--------------+
; Compilation Hierarchy Node                ; LC Combinationals ; LC Registers ; Memory Bits ; DSP Elements ; DSP 9x9 ; DSP 18x18 ; Pins ; Virtual Pins ; Full Hierarchy Name                                                                                                                  ; Library Name ;
+-------------------------------------------+-------------------+--------------+-------------+--------------+---------+-----------+------+--------------+--------------------------------------------------------------------------------------------------------------------------------------+--------------+
; |BlockNoclock                             ; 38 (0)            ; 4 (0)        ; 0           ; 0            ; 0       ; 0         ; 18   ; 0            ; |BlockNoclock                                                                                                                        ; work         ;
;    |Double_SevenSeg:inst12|               ; 17 (10)           ; 0 (0)        ; 0           ; 0            ; 0       ; 0         ; 0    ; 0            ; |BlockNoclock|Double_SevenSeg:inst12                                                                                                 ; work         ;
;       |lpm_divide:Mod0|                   ; 7 (0)             ; 0 (0)        ; 0           ; 0            ; 0       ; 0         ; 0    ; 0            ; |BlockNoclock|Double_SevenSeg:inst12|lpm_divide:Mod0                                                                                 ; work         ;
;          |lpm_divide_05m:auto_generated|  ; 7 (0)             ; 0 (0)        ; 0           ; 0            ; 0       ; 0         ; 0    ; 0            ; |BlockNoclock|Double_SevenSeg:inst12|lpm_divide:Mod0|lpm_divide_05m:auto_generated                                                   ; work         ;
;             |sign_div_unsign_7kh:divider| ; 7 (0)             ; 0 (0)        ; 0           ; 0            ; 0       ; 0         ; 0    ; 0            ; |BlockNoclock|Double_SevenSeg:inst12|lpm_divide:Mod0|lpm_divide_05m:auto_generated|sign_div_unsign_7kh:divider                       ; work         ;
;                |alt_u_div_gve:divider|    ; 7 (7)             ; 0 (0)        ; 0           ; 0            ; 0       ; 0         ; 0    ; 0            ; |BlockNoclock|Double_SevenSeg:inst12|lpm_divide:Mod0|lpm_divide_05m:auto_generated|sign_div_unsign_7kh:divider|alt_u_div_gve:divider ; work         ;
;    |updown_count_noclock:inst|            ; 21 (21)           ; 4 (4)        ; 0           ; 0            ; 0       ; 0         ; 0    ; 0            ; |BlockNoclock|updown_count_noclock:inst                                                                                              ; work         ;
+-------------------------------------------+-------------------+--------------+-------------+--------------+---------+-----------+------+--------------+--------------------------------------------------------------------------------------------------------------------------------------+--------------+
Note: For table entries with two numbers listed, the numbers in parentheses indicate the number of resources of the given type used by the specific entity alone. The numbers listed outside of parentheses indicate the total resources of the given type used by the specific entity and all of its sub-entities in the hierarchy.


+------------------------------------------------------+
; General Register Statistics                          ;
+----------------------------------------------+-------+
; Statistic                                    ; Value ;
+----------------------------------------------+-------+
; Total registers                              ; 4     ;
; Number of registers using Synchronous Clear  ; 0     ;
; Number of registers using Synchronous Load   ; 0     ;
; Number of registers using Asynchronous Clear ; 4     ;
; Number of registers using Asynchronous Load  ; 0     ;
; Number of registers using Clock Enable       ; 0     ;
; Number of registers using Preset             ; 0     ;
+----------------------------------------------+-------+


+-----------------------------------------------------------------------------------------+
; Parameter Settings for Inferred Entity Instance: Double_SevenSeg:inst12|lpm_divide:Mod0 ;
+------------------------+----------------+-----------------------------------------------+
; Parameter Name         ; Value          ; Type                                          ;
+------------------------+----------------+-----------------------------------------------+
; LPM_WIDTHN             ; 4              ; Untyped                                       ;
; LPM_WIDTHD             ; 4              ; Untyped                                       ;
; LPM_NREPRESENTATION    ; UNSIGNED       ; Untyped                                       ;
; LPM_DREPRESENTATION    ; UNSIGNED       ; Untyped                                       ;
; LPM_PIPELINE           ; 0              ; Untyped                                       ;
; LPM_REMAINDERPOSITIVE  ; TRUE           ; Untyped                                       ;
; MAXIMIZE_SPEED         ; 5              ; Untyped                                       ;
; CBXI_PARAMETER         ; lpm_divide_05m ; Untyped                                       ;
; CARRY_CHAIN            ; MANUAL         ; Untyped                                       ;
; OPTIMIZE_FOR_SPEED     ; 5              ; Untyped                                       ;
; AUTO_CARRY_CHAINS      ; ON             ; AUTO_CARRY                                    ;
; IGNORE_CARRY_BUFFERS   ; OFF            ; IGNORE_CARRY                                  ;
; AUTO_CASCADE_CHAINS    ; ON             ; AUTO_CASCADE                                  ;
; IGNORE_CASCADE_BUFFERS ; OFF            ; IGNORE_CASCADE                                ;
+------------------------+----------------+-----------------------------------------------+
Note: In order to hide this table in the UI and the text report file, please set the "Show Parameter Settings in Synthesis Report" option in "Analysis and Synthesis Settings -> More Settings" to "Off".


+-------------------------------+
; Elapsed Time Per Partition    ;
+----------------+--------------+
; Partition Name ; Elapsed Time ;
+----------------+--------------+
; Top            ; 00:00:01     ;
+----------------+--------------+


+-------------------------------+
; Analysis & Synthesis Messages ;
+-------------------------------+
Info: *******************************************************************
Info: Running Quartus II 64-Bit Analysis & Synthesis
    Info: Version 13.0.1 Build 232 06/12/2013 Service Pack 1 SJ Web Edition
    Info: Processing started: Fri Nov 15 13:16:01 2013
Info: Command: quartus_map --read_settings_files=on --write_settings_files=off Up-Down-Counter -c Up-Down-Counter
Warning (20028): Parallel compilation is not licensed and has been disabled
Info (12021): Found 1 design units, including 1 entities, in source file up_counter_tutorial.v
    Info (12023): Found entity 1: up_counter_tut
Info (12021): Found 1 design units, including 1 entities, in source file up_counter_tutorial_noclock.v
    Info (12023): Found entity 1: up_counter_tutorial_noclock
Info (12021): Found 1 design units, including 1 entities, in source file on_off.v
    Info (12023): Found entity 1: up_counter
Info (12021): Found 1 design units, including 1 entities, in source file double_sevenseg.v
    Info (12023): Found entity 1: Double_SevenSeg
Info (12021): Found 1 design units, including 1 entities, in source file frequency_divider.v
    Info (12023): Found entity 1: Frequency_Divider
Info (12021): Found 1 design units, including 1 entities, in source file updown_counter_withclock.v
    Info (12023): Found entity 1: updown_counter_withclock
Info (12021): Found 1 design units, including 1 entities, in source file blockclock.bdf
    Info (12023): Found entity 1: BlockClock
Info (12021): Found 1 design units, including 1 entities, in source file blocknoclock.bdf
    Info (12023): Found entity 1: BlockNoclock
Info (12021): Found 1 design units, including 1 entities, in source file updown_count_noclock.v
    Info (12023): Found entity 1: updown_count_noclock
Info (12127): Elaborating entity "BlockNoclock" for the top level hierarchy
Info (12128): Elaborating entity "Double_SevenSeg" for hierarchy "Double_SevenSeg:inst12"
Warning (10230): Verilog HDL assignment warning at Double_SevenSeg.v(16): truncated value with size 32 to match size of target (4)
Warning (10230): Verilog HDL assignment warning at Double_SevenSeg.v(17): truncated value with size 32 to match size of target (4)
Warning (10235): Verilog HDL Always Construct warning at Double_SevenSeg.v(19): variable "onesbcd" is read inside the Always Construct but isn't in the Always Construct's Event Control
Warning (10235): Verilog HDL Always Construct warning at Double_SevenSeg.v(35): variable "tensbcd" is read inside the Always Construct but isn't in the Always Construct's Event Control
Info (12128): Elaborating entity "updown_count_noclock" for hierarchy "updown_count_noclock:inst"
Warning (10230): Verilog HDL assignment warning at updown_count_noclock.v(17): truncated value with size 32 to match size of target (4)
Warning (10230): Verilog HDL assignment warning at updown_count_noclock.v(19): truncated value with size 32 to match size of target (4)
Info (278001): Inferred 1 megafunctions from design logic
    Info (278004): Inferred divider/modulo megafunction ("lpm_divide") from the following logic: "Double_SevenSeg:inst12|Mod0"
Info (12130): Elaborated megafunction instantiation "Double_SevenSeg:inst12|lpm_divide:Mod0"
Info (12133): Instantiated megafunction "Double_SevenSeg:inst12|lpm_divide:Mod0" with the following parameter:
    Info (12134): Parameter "LPM_WIDTHN" = "4"
    Info (12134): Parameter "LPM_WIDTHD" = "4"
    Info (12134): Parameter "LPM_NREPRESENTATION" = "UNSIGNED"
    Info (12134): Parameter "LPM_DREPRESENTATION" = "UNSIGNED"
Info (12021): Found 1 design units, including 1 entities, in source file db/lpm_divide_05m.tdf
    Info (12023): Found entity 1: lpm_divide_05m
Info (12021): Found 1 design units, including 1 entities, in source file db/sign_div_unsign_7kh.tdf
    Info (12023): Found entity 1: sign_div_unsign_7kh
Info (12021): Found 1 design units, including 1 entities, in source file db/alt_u_div_gve.tdf
    Info (12023): Found entity 1: alt_u_div_gve
Info (12021): Found 1 design units, including 1 entities, in source file db/add_sub_lkc.tdf
    Info (12023): Found entity 1: add_sub_lkc
Info (12021): Found 1 design units, including 1 entities, in source file db/add_sub_mkc.tdf
    Info (12023): Found entity 1: add_sub_mkc
Warning (13004): Presettable and clearable registers converted to equivalent circuits with latches. Registers power-up to an undefined state, and DEVCLRn places the registers in an undefined state.
    Warning (13310): Register "updown_count_noclock:inst|nIn[0]" is converted into an equivalent circuit using register "updown_count_noclock:inst|nIn[0]~_emulated" and latch "updown_count_noclock:inst|nIn[0]~1"
    Warning (13310): Register "updown_count_noclock:inst|nIn[1]" is converted into an equivalent circuit using register "updown_count_noclock:inst|nIn[1]~_emulated" and latch "updown_count_noclock:inst|nIn[1]~6"
    Warning (13310): Register "updown_count_noclock:inst|nIn[2]" is converted into an equivalent circuit using register "updown_count_noclock:inst|nIn[2]~_emulated" and latch "updown_count_noclock:inst|nIn[2]~11"
    Warning (13310): Register "updown_count_noclock:inst|nIn[3]" is converted into an equivalent circuit using register "updown_count_noclock:inst|nIn[3]~_emulated" and latch "updown_count_noclock:inst|nIn[3]~16"
Warning (13024): Output pins are stuck at VCC or GND
    Warning (13410): Pin "ssOut2[6]" is stuck at VCC
    Warning (13410): Pin "ssOut2[2]" is stuck at GND
    Warning (13410): Pin "ssOut2[1]" is stuck at GND
Info (144001): Generated suppressed messages file C:/Users/localadmin/Desktop/FPGANewVersion/FPGA-PMT/VerilogBasics/Up Down counter/Up-Down-Counter.map.smsg
Info (16010): Generating hard_block partition "hard_block:auto_generated_inst"
    Info (16011): Adding 0 node(s), including 0 DDIO, 0 PLL, 0 transceiver and 0 LCELL
Warning (21074): Design contains 1 input pin(s) that do not drive logic
    Warning (15610): No output dependent on input pin "clock"
Info (21057): Implemented 56 device resources after synthesis - the final resource count might be different
    Info (21058): Implemented 4 input pins
    Info (21059): Implemented 14 output pins
    Info (21061): Implemented 38 logic cells
Info: Quartus II 64-Bit Analysis & Synthesis was successful. 0 errors, 18 warnings
    Info: Peak virtual memory: 446 megabytes
    Info: Processing ended: Fri Nov 15 13:16:04 2013
    Info: Elapsed time: 00:00:03
    Info: Total CPU time (on all processors): 00:00:02


+------------------------------------------+
; Analysis & Synthesis Suppressed Messages ;
+------------------------------------------+
The suppressed messages can be found in C:/Users/localadmin/Desktop/FPGANewVersion/FPGA-PMT/VerilogBasics/Up Down counter/Up-Down-Counter.map.smsg.


